<?xml version="1.0" encoding="UTF-8"?>
<!-- Generated by org.testng.reporters.JUnitXMLReporter -->
<testsuite ignored="0" hostname="Dark" failures="1" tests="1" name="Surefire test" time="17.048" errors="0" timestamp="٢٠٢٥-١١-٢٦T٢٠:٠٨:٥٥ EET">
  <testcase classname="org.example.TestCase11_VerifySubscriptionInCartPage" name="verifySubscriptionInCartPage" time="14.665">
    <failure type="java.lang.AssertionError" message="Success message is visible expected [true] but found [false]">
      <![CDATA[java.lang.AssertionError: Success message is visible expected [true] but found [false]
at org.example.TestCase11_VerifySubscriptionInCartPage.verifySubscriptionInCartPage(TestCase11_VerifySubscriptionInCartPage.java:67)
at java.base/java.util.ArrayList.forEach(ArrayList.java:1597)
... Removed 33 stack frames]]>
    </failure>
  </testcase> <!-- verifySubscriptionInCartPage -->
</testsuite> <!-- Surefire test -->
